----------------------------------------------------------------------------------------------------------------------------------------------------------
      name:  <unnamed>
       log:  C:\GitHub\EconAnalysis\Participation\Results\Logs\preliminary.log
  log type:  text
 opened on:  14 Nov 2023, 22:19:31

. 
. ** Import data
. import delimited "C:\Data\PacFIN data\rdo_Stata_c4.csv"
(encoding automatically selected: ISO-8859-1)
(43 vars, 176,730 obs)

. replace mean_price = mean_price / 1000
(147,275 real changes made)

. gen id_obs = _n

. gen const_r2 = 1

. 
. ** Merge historical selection
. preserve

.  import delimited "Stata\dbp_month_Stata_c4.csv", clear
(encoding automatically selected: ISO-8859-2)
(3 vars, 23 obs)

.  tempfile dbp_month

.  save dbp_month, replace
file dbp_month.dta saved

. restore

. 
. merge m:1 selection set_month using "dbp_month.dta"

    Result                      Number of obs
    -----------------------------------------
    Not matched                       123,726
        from master                   123,724  (_merge==1)
        from using                          2  (_merge==2)

    Matched                            53,006  (_merge==3)
    -----------------------------------------

. drop if _merge == 2
(2 observations deleted)

. replace hist_selection = 0 if _merge == 1
(123,724 real changes made)

. drop _merge

. 
. ** Set choice model database
. cmset fished_vessel_id time selection
note: case identifier _caseid generated from fished_vessel_id and time.
note: panel by alternatives identifier _panelaltid generated from fished_vessel_id and selection.
note: alternatives are unbalanced across choice sets; at least one choice set does not have all possible values of selection.

                    Panel data: Panels fished_vessel_id and time time
              Case ID variable: _caseid
         Alternatives variable: selection
Panel by alternatives variable: _panelaltid (unbalanced)
                 Time variable: time, 1 to 1701, but with gaps
                         Delta: 1 unit

Note: Data have been xtset.

. sort id_obs

. // cmset fished_haul selection
. 
. gen species = substr(selection,-4,.) 

. replace species = "No-Participation" if species == "tion" 
variable species was str4 now str16
(29,455 real changes made)

. // encode species, gen(nspecies)
. 
. ** Create revenue variable
. gen exp_revenue = mean_price * mean_avail

. 
. ** Create missing variable (dist and revenue together)
. gen d_missing_all = d_missing_d

. replace d_missing_all = 1 if d_missing == 1
(3 real changes made)

. 
. 
. 
. ******************************
. ** Estimate conditional logits (with alternative-specific constant)
. 
. *** Only-constant model
. qui cmclogit fished, base("No-Participation") 

. scalar ll0 = e(ll)

. estimates store base

. 
. // matrix s2=e(b)
. // mat s = start[1, 1..5]
. // forvalues i = 6(1)45 {
. //      display `i'
. //      mat s = s, s2[1,`i']
. //      mat s = s, start[1,`i']
. // }
. 
. 
. 
. *** Preferred model
. qui cmclogit fished $vars $closure, base("No-Participation") noconstant

. matrix sA=e(b)

. 
. * No relevant variables: waclosure waclosured ddieselstate msqdclosured
. eststo A0: cmclogit fished $vars $closure, ///
>         casevar($case) base("No-Participation") from(sA, skip)
note: data were cmset as panel data, and the default vcetype for panel data is vce(cluster fished_vessel_id); see cmclogit.
note: variable dist_port_to_catch_area_zero has 37 cases that are not alternative-specific; there is no within-case variability.
note: variable d_missing_all has 11191 cases that are not alternative-specific; there is no within-case variability.
note: variable psdnclosured has 25620 cases that are not alternative-specific; there is no within-case variability.
note: variable msqdweekend has 21328 cases that are not alternative-specific; there is no within-case variability.

Iteration 0:  Log pseudolikelihood = -28457.078  
Iteration 1:  Log pseudolikelihood = -28420.266  (backed up)
Iteration 2:  Log pseudolikelihood = -28087.129  (backed up)
Iteration 3:  Log pseudolikelihood = -27772.719  
Iteration 4:  Log pseudolikelihood = -26973.838  
Iteration 5:  Log pseudolikelihood = -26962.873  (backed up)
Iteration 6:  Log pseudolikelihood = -26874.396  (backed up)
Iteration 7:  Log pseudolikelihood = -26811.979  
Iteration 8:  Log pseudolikelihood = -26706.505  (not concave)
Iteration 9:  Log pseudolikelihood = -26400.228  (not concave)
Iteration 10: Log pseudolikelihood = -26339.675  (not concave)
Iteration 11: Log pseudolikelihood = -26316.669  (not concave)
Iteration 12: Log pseudolikelihood = -26019.685  (not concave)
Iteration 13: Log pseudolikelihood =  -25989.35  (not concave)
Iteration 14: Log pseudolikelihood = -25979.532  (not concave)
Iteration 15: Log pseudolikelihood = -25974.433  (not concave)
Iteration 16: Log pseudolikelihood = -25964.993  (not concave)
Iteration 17: Log pseudolikelihood =  -25961.33  (not concave)
Iteration 18: Log pseudolikelihood = -25956.679  (not concave)
Iteration 19: Log pseudolikelihood = -25954.178  (not concave)
Iteration 20: Log pseudolikelihood =  -25951.58  (not concave)
Iteration 21: Log pseudolikelihood = -25949.763  (not concave)
Iteration 22: Log pseudolikelihood =  -25948.04  (not concave)
Iteration 23: Log pseudolikelihood = -25945.342  (not concave)
Iteration 24: Log pseudolikelihood =  -25942.94  (not concave)
Iteration 25: Log pseudolikelihood = -25938.303  (not concave)
Iteration 26: Log pseudolikelihood = -25936.054  (not concave)
Iteration 27: Log pseudolikelihood =  -25934.99  (not concave)
Iteration 28: Log pseudolikelihood = -25934.214  (not concave)
Iteration 29: Log pseudolikelihood = -25933.596  (not concave)
Iteration 30: Log pseudolikelihood = -25933.019  (not concave)
Iteration 31: Log pseudolikelihood = -25932.143  (not concave)
Iteration 32: Log pseudolikelihood = -25931.295  (not concave)
Iteration 33: Log pseudolikelihood = -25926.122  (not concave)
Iteration 34: Log pseudolikelihood = -25922.835  (not concave)
Iteration 35: Log pseudolikelihood = -25922.547  (not concave)
Iteration 36: Log pseudolikelihood = -25922.359  (not concave)
Iteration 37: Log pseudolikelihood =  -25922.16  (not concave)
Iteration 38: Log pseudolikelihood = -25919.457  (not concave)
Iteration 39: Log pseudolikelihood = -25918.174  (not concave)
Iteration 40: Log pseudolikelihood = -25918.097  (not concave)
Iteration 41: Log pseudolikelihood = -25917.858  (not concave)
Iteration 42: Log pseudolikelihood = -25917.637  (not concave)
Iteration 43: Log pseudolikelihood = -25917.514  (not concave)
Iteration 44: Log pseudolikelihood = -25917.307  (not concave)
Iteration 45: Log pseudolikelihood = -25916.808  (not concave)
Iteration 46: Log pseudolikelihood = -25916.284  (not concave)
Iteration 47: Log pseudolikelihood = -25916.186  (not concave)
Iteration 48: Log pseudolikelihood =  -25916.16  (not concave)
Iteration 49: Log pseudolikelihood = -25916.071  (not concave)
Iteration 50: Log pseudolikelihood = -25916.004  (not concave)
Iteration 51: Log pseudolikelihood = -25915.976  (not concave)
Iteration 52: Log pseudolikelihood = -25915.952  (not concave)
Iteration 53: Log pseudolikelihood = -25915.926  (not concave)
Iteration 54: Log pseudolikelihood = -25915.882  (not concave)
Iteration 55: Log pseudolikelihood =   -25915.8  (not concave)
Iteration 56: Log pseudolikelihood = -25915.744  (not concave)
Iteration 57: Log pseudolikelihood = -25915.728  (not concave)
Iteration 58: Log pseudolikelihood = -25915.706  (not concave)
Iteration 59: Log pseudolikelihood =  -25915.69  (not concave)
Iteration 60: Log pseudolikelihood = -25915.674  (not concave)
Iteration 61: Log pseudolikelihood = -25915.643  (not concave)
Iteration 62: Log pseudolikelihood = -25915.621  (not concave)
Iteration 63: Log pseudolikelihood = -25915.607  (not concave)
Iteration 64: Log pseudolikelihood = -25915.592  (not concave)
Iteration 65: Log pseudolikelihood = -25915.526  (not concave)
Iteration 66: Log pseudolikelihood = -25915.413  (not concave)
Iteration 67: Log pseudolikelihood = -25915.384  (not concave)
Iteration 68: Log pseudolikelihood = -25915.368  (not concave)
Iteration 69: Log pseudolikelihood = -25915.338  (not concave)
Iteration 70: Log pseudolikelihood = -25915.318  (not concave)
Iteration 71: Log pseudolikelihood = -25915.308  (not concave)
Iteration 72: Log pseudolikelihood = -25915.296  (not concave)
Iteration 73: Log pseudolikelihood = -25915.279  (not concave)
Iteration 74: Log pseudolikelihood = -25915.265  (not concave)
Iteration 75: Log pseudolikelihood = -25915.252  (not concave)
Iteration 76: Log pseudolikelihood = -25914.843  (not concave)
Iteration 77: Log pseudolikelihood = -25914.738  (not concave)
Iteration 78: Log pseudolikelihood = -25914.728  (not concave)
Iteration 79: Log pseudolikelihood = -25914.724  (not concave)
Iteration 80: Log pseudolikelihood =  -25914.72  (not concave)
Iteration 81: Log pseudolikelihood = -25914.716  (not concave)
Iteration 82: Log pseudolikelihood = -25914.713  (not concave)
Iteration 83: Log pseudolikelihood =  -25914.71  (not concave)
Iteration 84: Log pseudolikelihood = -25914.706  (not concave)
Iteration 85: Log pseudolikelihood = -25914.703  (not concave)
Iteration 86: Log pseudolikelihood =   -25914.7  (not concave)
Iteration 87: Log pseudolikelihood = -25914.696  (not concave)
Iteration 88: Log pseudolikelihood = -25914.693  (not concave)
Iteration 89: Log pseudolikelihood =  -25914.69  (not concave)
Iteration 90: Log pseudolikelihood = -25914.687  (not concave)
Iteration 91: Log pseudolikelihood = -25914.683  (not concave)
Iteration 92: Log pseudolikelihood =  -25914.68  (not concave)
Iteration 93: Log pseudolikelihood = -25914.677  (not concave)
Iteration 94: Log pseudolikelihood = -25914.674  (not concave)
Iteration 95: Log pseudolikelihood = -25914.671  (not concave)
Iteration 96: Log pseudolikelihood = -25914.668  (not concave)
Iteration 97: Log pseudolikelihood = -25914.665  (not concave)
Iteration 98: Log pseudolikelihood = -25914.662  (not concave)
Iteration 99: Log pseudolikelihood = -25914.659  (not concave)
Iteration 100: Log pseudolikelihood = -25914.656  (not concave)
Iteration 101: Log pseudolikelihood = -25914.653  (not concave)
Iteration 102: Log pseudolikelihood =  -25914.65  (not concave)
Iteration 103: Log pseudolikelihood = -25914.647  (not concave)
Iteration 104: Log pseudolikelihood = -25914.644  (not concave)
Iteration 105: Log pseudolikelihood = -25914.641  (not concave)
Iteration 106: Log pseudolikelihood = -25914.638  (not concave)
Iteration 107: Log pseudolikelihood = -25914.635  (not concave)
Iteration 108: Log pseudolikelihood = -25914.632  (not concave)
Iteration 109: Log pseudolikelihood = -25914.629  (not concave)
Iteration 110: Log pseudolikelihood = -25914.626  (not concave)
Iteration 111: Log pseudolikelihood = -25914.624  (not concave)
Iteration 112: Log pseudolikelihood = -25914.621  (not concave)
Iteration 113: Log pseudolikelihood = -25914.618  (not concave)
Iteration 114: Log pseudolikelihood = -25914.615  (not concave)
Iteration 115: Log pseudolikelihood = -25914.613  (not concave)
Iteration 116: Log pseudolikelihood =  -25914.61  (not concave)
Iteration 117: Log pseudolikelihood = -25914.607  (not concave)
Iteration 118: Log pseudolikelihood = -25914.604  (not concave)
Iteration 119: Log pseudolikelihood = -25914.602  (not concave)
Iteration 120: Log pseudolikelihood = -25914.599  (not concave)
Iteration 121: Log pseudolikelihood = -25914.596  (not concave)
Iteration 122: Log pseudolikelihood = -25914.594  (not concave)
Iteration 123: Log pseudolikelihood = -25914.591  (not concave)
Iteration 124: Log pseudolikelihood = -25914.589  (not concave)
Iteration 125: Log pseudolikelihood = -25914.586  (not concave)
Iteration 126: Log pseudolikelihood = -25914.583  (not concave)
Iteration 127: Log pseudolikelihood = -25914.581  (not concave)
Iteration 128: Log pseudolikelihood = -25914.578  (not concave)
Iteration 129: Log pseudolikelihood = -25914.576  (not concave)
Iteration 130: Log pseudolikelihood = -25914.573  (not concave)
Iteration 131: Log pseudolikelihood = -25914.571  (not concave)
Iteration 132: Log pseudolikelihood = -25914.568  (not concave)
Iteration 133: Log pseudolikelihood = -25914.566  (not concave)
Iteration 134: Log pseudolikelihood = -25914.563  (not concave)
Iteration 135: Log pseudolikelihood = -25914.561  (not concave)
Iteration 136: Log pseudolikelihood = -25914.558  (not concave)
Iteration 137: Log pseudolikelihood = -25914.556  (not concave)
Iteration 138: Log pseudolikelihood = -25914.553  (not concave)
Iteration 139: Log pseudolikelihood = -25914.551  (not concave)
Iteration 140: Log pseudolikelihood = -25914.549  (not concave)
Iteration 141: Log pseudolikelihood = -25914.546  (not concave)
Iteration 142: Log pseudolikelihood = -25914.544  (not concave)
Iteration 143: Log pseudolikelihood = -25914.542  (not concave)
Iteration 144: Log pseudolikelihood = -25914.539  (not concave)
Iteration 145: Log pseudolikelihood = -25914.537  (not concave)
Iteration 146: Log pseudolikelihood = -25914.535  (not concave)
Iteration 147: Log pseudolikelihood = -25914.532  (not concave)
Iteration 148: Log pseudolikelihood =  -25914.53  (not concave)
Iteration 149: Log pseudolikelihood = -25914.528  (not concave)
Iteration 150: Log pseudolikelihood = -25914.525  (not concave)
Iteration 151: Log pseudolikelihood = -25914.523  (not concave)
Iteration 152: Log pseudolikelihood = -25914.521  (not concave)
Iteration 153: Log pseudolikelihood = -25914.519  (not concave)
Iteration 154: Log pseudolikelihood = -25914.516  (not concave)
Iteration 155: Log pseudolikelihood = -25914.514  (not concave)
Iteration 156: Log pseudolikelihood = -25914.512  (not concave)
Iteration 157: Log pseudolikelihood =  -25914.51  (not concave)
Iteration 158: Log pseudolikelihood = -25914.508  (not concave)
Iteration 159: Log pseudolikelihood = -25914.505  (not concave)
Iteration 160: Log pseudolikelihood = -25914.503  (not concave)
Iteration 161: Log pseudolikelihood = -25914.501  (not concave)
Iteration 162: Log pseudolikelihood = -25914.499  (not concave)
Iteration 163: Log pseudolikelihood = -25914.497  (not concave)
Iteration 164: Log pseudolikelihood = -25914.495  (not concave)
Iteration 165: Log pseudolikelihood = -25914.493  (not concave)
Iteration 166: Log pseudolikelihood = -25914.491  (not concave)
Iteration 167: Log pseudolikelihood = -25914.488  (not concave)
Iteration 168: Log pseudolikelihood = -25914.486  (not concave)
Iteration 169: Log pseudolikelihood = -25914.484  (not concave)
Iteration 170: Log pseudolikelihood = -25914.482  (not concave)
Iteration 171: Log pseudolikelihood =  -25914.48  (not concave)
Iteration 172: Log pseudolikelihood = -25914.478  (not concave)
Iteration 173: Log pseudolikelihood = -25914.476  (not concave)
Iteration 174: Log pseudolikelihood = -25914.474  (not concave)
Iteration 175: Log pseudolikelihood = -25914.472  (not concave)
Iteration 176: Log pseudolikelihood =  -25914.47  (not concave)
Iteration 177: Log pseudolikelihood = -25914.468  (not concave)
Iteration 178: Log pseudolikelihood = -25914.466  (not concave)
Iteration 179: Log pseudolikelihood = -25914.464  (not concave)
Iteration 180: Log pseudolikelihood = -25914.462  (not concave)
Iteration 181: Log pseudolikelihood =  -25914.46  (not concave)
Iteration 182: Log pseudolikelihood = -25914.458  (not concave)
Iteration 183: Log pseudolikelihood = -25914.456  (not concave)
Iteration 184: Log pseudolikelihood = -25914.454  (not concave)
Iteration 185: Log pseudolikelihood = -25914.452  (not concave)
Iteration 186: Log pseudolikelihood =  -25914.45  (not concave)
Iteration 187: Log pseudolikelihood = -25914.449  (not concave)
Iteration 188: Log pseudolikelihood = -25914.447  (not concave)
Iteration 189: Log pseudolikelihood = -25914.445  (not concave)
Iteration 190: Log pseudolikelihood = -25914.443  (not concave)
--Break--
r(1);

end of do-file

--Break--
r(1);

. do "c:\users\fequezad\appdata\local\temp\st_stata_temp.tmp"

. qui cmclogit fished $vars_sdm $closure, base("No-Participation") noconstant

. matrix sB=e(b)

. 
. eststo B0: cmclogit fished  $vars_sdm $closure, ///
>         casevar($case) base("No-Participation") from(sB, skip)
note: data were cmset as panel data, and the default vcetype for panel data is vce(cluster fished_vessel_id); see cmclogit.
note: variable dist_port_to_catch_area_zero has 37 cases that are not alternative-specific; there is no within-case variability.
note: variable d_missing_all has 11191 cases that are not alternative-specific; there is no within-case variability.
note: variable psdnclosured has 25620 cases that are not alternative-specific; there is no within-case variability.
note: variable msqdweekend has 21328 cases that are not alternative-specific; there is no within-case variability.

Iteration 0:  Log pseudolikelihood =  -28444.28  
Iteration 1:  Log pseudolikelihood = -28411.631  (backed up)
Iteration 2:  Log pseudolikelihood = -28017.193  
Iteration 3:  Log pseudolikelihood =  -26835.57  
Iteration 4:  Log pseudolikelihood = -26066.299  
Iteration 5:  Log pseudolikelihood = -26018.073  
Iteration 6:  Log pseudolikelihood = -25983.121  (backed up)
Iteration 7:  Log pseudolikelihood = -25964.833  (backed up)
Iteration 8:  Log pseudolikelihood = -25951.402  
Iteration 9:  Log pseudolikelihood = -25942.697  
Iteration 10: Log pseudolikelihood = -25928.323  (backed up)
Iteration 11: Log pseudolikelihood = -25916.995  
Iteration 12: Log pseudolikelihood = -25915.624  
Iteration 13: Log pseudolikelihood =  -25914.18  
Iteration 14: Log pseudolikelihood = -25913.234  
Iteration 15: Log pseudolikelihood =  -25912.98  
Iteration 16: Log pseudolikelihood =  -25912.92  
Iteration 17: Log pseudolikelihood = -25912.904  
Iteration 18: Log pseudolikelihood = -25912.901  
Iteration 19: Log pseudolikelihood =   -25912.9  
Iteration 20: Log pseudolikelihood =   -25912.9  (not concave)
Iteration 21: Log pseudolikelihood =   -25912.9  (not concave)
Iteration 22: Log pseudolikelihood =   -25912.9  (not concave)
Iteration 23: Log pseudolikelihood =   -25912.9  (not concave)
Iteration 24: Log pseudolikelihood =   -25912.9  (not concave)
Iteration 25: Log pseudolikelihood =   -25912.9  (not concave)
Iteration 26: Log pseudolikelihood =   -25912.9  (not concave)
Iteration 27: Log pseudolikelihood =   -25912.9  (not concave)
Iteration 28: Log pseudolikelihood =   -25912.9  (not concave)
Iteration 29: Log pseudolikelihood =   -25912.9  (not concave)
Iteration 30: Log pseudolikelihood =   -25912.9  (not concave)
Iteration 31: Log pseudolikelihood =   -25912.9  (not concave)
Iteration 32: Log pseudolikelihood =   -25912.9  (not concave)
Iteration 33: Log pseudolikelihood =   -25912.9  (not concave)
Iteration 34: Log pseudolikelihood =   -25912.9  (not concave)
Iteration 35: Log pseudolikelihood =   -25912.9  (not concave)
Iteration 36: Log pseudolikelihood =   -25912.9  (not concave)
--Break--
r(1);

end of do-file

--Break--
r(1);

. do "c:\users\fequezad\appdata\local\temp\st_stata_temp.tmp"

. eststo B0: cmclogit fished  $vars_sdm $closure, ///
>         casevar($case) base("No-Participation") from(sB, skip) iter(19)
note: data were cmset as panel data, and the default vcetype for panel data is vce(cluster fished_vessel_id); see cmclogit.
note: variable dist_port_to_catch_area_zero has 37 cases that are not alternative-specific; there is no within-case variability.
note: variable d_missing_all has 11191 cases that are not alternative-specific; there is no within-case variability.
note: variable psdnclosured has 25620 cases that are not alternative-specific; there is no within-case variability.
note: variable msqdweekend has 21328 cases that are not alternative-specific; there is no within-case variability.

Iteration 0:  Log pseudolikelihood =  -28444.28  
Iteration 1:  Log pseudolikelihood = -28411.631  (backed up)
Iteration 2:  Log pseudolikelihood = -28017.193  
Iteration 3:  Log pseudolikelihood =  -26835.57  
Iteration 4:  Log pseudolikelihood = -26066.299  
Iteration 5:  Log pseudolikelihood = -26018.073  
Iteration 6:  Log pseudolikelihood = -25983.121  (backed up)
Iteration 7:  Log pseudolikelihood = -25964.833  (backed up)
Iteration 8:  Log pseudolikelihood = -25951.402  
Iteration 9:  Log pseudolikelihood = -25942.697  
Iteration 10: Log pseudolikelihood = -25928.323  (backed up)
Iteration 11: Log pseudolikelihood = -25916.995  
Iteration 12: Log pseudolikelihood = -25915.624  
Iteration 13: Log pseudolikelihood =  -25914.18  
Iteration 14: Log pseudolikelihood = -25913.234  
Iteration 15: Log pseudolikelihood =  -25912.98  
Iteration 16: Log pseudolikelihood =  -25912.92  
Iteration 17: Log pseudolikelihood = -25912.904  
Iteration 18: Log pseudolikelihood = -25912.901  
Iteration 19: Log pseudolikelihood =   -25912.9  
convergence not achieved

Conditional logit choice model                 Number of obs      =    176,730
Case ID variable: _caseid                      Number of cases    =      29455

Alternatives variable: selection               Alts per case: min =          6
                                                              avg =        6.0
                                                              max =          6

                                                  Wald chi2(48)   =  1.950e+11
Log pseudolikelihood =   -25912.9                 Prob > chi2     =     0.0000

                                      (Std. err. adjusted for 46 clusters in fished_vessel_id)
----------------------------------------------------------------------------------------------
                             |               Robust
                      fished | Coefficient  std. err.      z    P>|z|     [95% conf. interval]
-----------------------------+----------------------------------------------------------------
selection                    |
                  mean_avail |    .342679   .1791822     1.91   0.056    -.0085116    .6938696
                  mean_price |  -.5255021   .2284344    -2.30   0.021    -.9732254   -.0777789
             wind_max_220_mh |  -.0488049   .0036789   -13.27   0.000    -.0560153   -.0415944
                 dist_to_cog |   -.008027     .00054   -14.87   0.000    -.0090853   -.0069687
dist_port_to_catch_area_zero |  -.0189186   .0025279    -7.48   0.000    -.0238731   -.0139641
               d_missing_all |  -4.020981   .2116541   -19.00   0.000    -4.435815   -3.606146
                psdnclosured |  -1.751035   .6991349    -2.50   0.012    -3.121315    -.380756
                 msqdweekend |  -3.589698   .1636746   -21.93   0.000    -3.910494   -3.268902
-----------------------------+----------------------------------------------------------------
BDA_DCRB                     |
                vessellength |  -.0721661   .0331306    -2.18   0.029    -.1371008   -.0072314
                       _cons |   8.347675   2.644638     3.16   0.002     3.164279    13.53107
-----------------------------+----------------------------------------------------------------
BDA_MSQD                     |
                vessellength |    -.11642   .0408282    -2.85   0.004    -.1964418   -.0363982
                       _cons |   9.415215   2.550509     3.69   0.000      4.41631    14.41412
-----------------------------+----------------------------------------------------------------
BGA_MSQD                     |
                vessellength |  -.0788987   .0585801    -1.35   0.178    -.1937135    .0359161
                       _cons |   9.124421   3.362654     2.71   0.007     2.533741     15.7151
-----------------------------+----------------------------------------------------------------
CWA_DCRB                     |
                vessellength |   .2206891   .0769616     2.87   0.004      .069847    .3715311
                       _cons |  -1.728513   5.880104    -0.29   0.769    -13.25331    9.796279
-----------------------------+----------------------------------------------------------------
ERA_MSQD                     |
                vessellength |   -.004456   .0445064    -0.10   0.920    -.0916869    .0827749
                       _cons |   5.195307   2.957749     1.76   0.079    -.6017753    10.99239
-----------------------------+----------------------------------------------------------------
LAA_BTNA                     |
                vessellength |   .1285307   .0404784     3.18   0.001     .0491945    .2078669
                       _cons |  -6.534483   3.284748    -1.99   0.047    -12.97247   -.0964958
-----------------------------+----------------------------------------------------------------
LAA_CMCK                     |
                vessellength |   .0470037   .0121686     3.86   0.000     .0231537    .0708538
                       _cons |  -2.961739   .8606423    -3.44   0.001    -4.648567   -1.274911
-----------------------------+----------------------------------------------------------------
LAA_JMCK                     |
                vessellength |   .0600169   .0304248     1.97   0.049     .0003854    .1196484
                       _cons |  -3.285608   2.255661    -1.46   0.145    -7.706623    1.135406
-----------------------------+----------------------------------------------------------------
LAA_MSQD                     |
                vessellength |   .0041976   .0127359     0.33   0.742    -.0207644    .0291595
                       _cons |   1.832125   .8947013     2.05   0.041      .078543    3.585708
-----------------------------+----------------------------------------------------------------
LAA_NANC                     |
                vessellength |   .0954764   .0400851     2.38   0.017      .016911    .1740417
                       _cons |  -6.832663   2.967613    -2.30   0.021    -12.64908   -1.016249
-----------------------------+----------------------------------------------------------------
LAA_PBNT                     |
                vessellength |   .1207703   .0533306     2.26   0.024     .0162443    .2252964
                       _cons |  -6.219256   4.097211    -1.52   0.129    -14.24964    1.811129
-----------------------------+----------------------------------------------------------------
LAA_PSDN                     |
                vessellength |   .0045897   .0165031     0.28   0.781    -.0277557    .0369351
                       _cons |    .487074   1.133309     0.43   0.667    -1.734171    2.708319
-----------------------------+----------------------------------------------------------------
LAA_RHRG                     |
                vessellength |   .4882626   .2081926     2.35   0.019     .0802126    .8963127
                       _cons |  -38.77235   16.03156    -2.42   0.016    -70.19362   -7.351073
-----------------------------+----------------------------------------------------------------
LAA_STNA                     |
                vessellength |   .3307882   .0759409     4.36   0.000     .1819468    .4796297
                       _cons |  -19.86698   5.361685    -3.71   0.000    -30.37569   -9.358272
-----------------------------+----------------------------------------------------------------
LAA_YTNA                     |
                vessellength |   .0689559     .02683     2.57   0.010       .01637    .1215417
                       _cons |   -3.45699   2.094401    -1.65   0.099     -7.56194    .6479608
-----------------------------+----------------------------------------------------------------
MNA_ALBC                     |
                vessellength |   .3822145   .0777982     4.91   0.000     .2297328    .5346962
                       _cons |  -26.28438    5.89378    -4.46   0.000    -37.83597   -14.73278
-----------------------------+----------------------------------------------------------------
MNA_CMCK                     |
                vessellength |   .0058935   .0470822     0.13   0.900    -.0863859     .098173
                       _cons |   .9220018   3.406176     0.27   0.787    -5.753981    7.597984
-----------------------------+----------------------------------------------------------------
MNA_JMCK                     |
                vessellength |  -.0355991   .0283475    -1.26   0.209    -.0911592     .019961
                       _cons |   4.102631   2.153717     1.90   0.057    -.1185775     8.32384
-----------------------------+----------------------------------------------------------------
MNA_LSKT                     |
                vessellength |  -.0863521   .0598127    -1.44   0.149    -.2035829    .0308787
                       _cons |   9.171033   3.869407     2.37   0.018     1.587135    16.75493
-----------------------------+----------------------------------------------------------------
MNA_MSQD                     |
                vessellength |  -.0125229   .0084357    -1.48   0.138    -.0290567    .0040108
                       _cons |   2.669995   .6547892     4.08   0.000     1.386632    3.953359
-----------------------------+----------------------------------------------------------------
MNA_NANC                     |
                vessellength |   .0392667   .0151472     2.59   0.010     .0095786    .0689547
                       _cons |   -2.31886    1.14651    -2.02   0.043    -4.565978   -.0717427
-----------------------------+----------------------------------------------------------------
MNA_PSDN                     |
                vessellength |   .0081664   .0182436     0.45   0.654    -.0275904    .0439232
                       _cons |   -.457125   1.362917    -0.34   0.737    -3.128393    2.214143
-----------------------------+----------------------------------------------------------------
MNA_UDAB                     |
                vessellength |    .888019   .0699856    12.69   0.000     .7508497    1.025188
                       _cons |  -62.71492   5.573246   -11.25   0.000    -73.63828   -51.79156
-----------------------------+----------------------------------------------------------------
MRA_MSQD                     |
                vessellength |  -.0077667   .0327045    -0.24   0.812    -.0718664     .056333
                       _cons |   .4831299   1.983031     0.24   0.808    -3.403539    4.369799
-----------------------------+----------------------------------------------------------------
NPA_MSQD                     |
                vessellength |  -.0815519   .0282702    -2.88   0.004    -.1369604   -.0261433
                       _cons |   13.69671   2.079721     6.59   0.000     9.620528    17.77288
-----------------------------+----------------------------------------------------------------
NPS_CHUM                     |
                vessellength |  -.1164642   .0461181    -2.53   0.012    -.2068539   -.0260744
                       _cons |    16.4076   2.588196     6.34   0.000     11.33483    21.48037
-----------------------------+----------------------------------------------------------------
NPS_DCRB                     |
                vessellength |  -.0675794    .031168    -2.17   0.030    -.1286676   -.0064911
                       _cons |   22.46871    3.83938     5.85   0.000     14.94366    29.99375
-----------------------------+----------------------------------------------------------------
NPS_SOCK                     |
                vessellength |  -.7101334   .1775968    -4.00   0.000    -1.058217   -.3620501
                       _cons |   46.07697   8.807126     5.23   0.000     28.81532    63.33862
-----------------------------+----------------------------------------------------------------
No_Participation             |  (base alternative)
-----------------------------+----------------------------------------------------------------
SBA_CMCK                     |
                vessellength |   .0695191   .0314866     2.21   0.027     .0078065    .1312317
                       _cons |  -4.269346   2.380733    -1.79   0.073    -8.935497    .3968043
-----------------------------+----------------------------------------------------------------
SBA_JMCK                     |
                vessellength |    .001685   .0249592     0.07   0.946    -.0472341    .0506041
                       _cons |  -.8331487    1.83707    -0.45   0.650    -4.433739    2.767442
-----------------------------+----------------------------------------------------------------
SBA_MSQD                     |
                vessellength |  -.0291774   .0094032    -3.10   0.002    -.0476074   -.0107475
                       _cons |   4.158245   .6642426     6.26   0.000     2.856353    5.460137
-----------------------------+----------------------------------------------------------------
SBA_PBNT                     |
                vessellength |   10.72153   .7798246    13.75   0.000     9.193097    12.24995
                       _cons |  -853.0973   62.33053   -13.69   0.000    -975.2629   -730.9317
-----------------------------+----------------------------------------------------------------
SBA_PSDN                     |
                vessellength |  -.1055209   .0577662    -1.83   0.068    -.2187406    .0076989
                       _cons |   7.248587   3.288966     2.20   0.028     .8023316    13.69484
-----------------------------+----------------------------------------------------------------
SBA_UMCK                     |
                vessellength |   7.019629   1.074238     6.53   0.000     4.914161    9.125097
                       _cons |  -548.9463   84.96492    -6.46   0.000    -715.4745   -382.4181
-----------------------------+----------------------------------------------------------------
SDA_BTNA                     |
                vessellength |   .1722101   .0577082     2.98   0.003     .0591042    .2853161
                       _cons |  -1.330553   3.982244    -0.33   0.738    -9.135607    6.474502
-----------------------------+----------------------------------------------------------------
SFA_CHNK                     |
                vessellength |  -.0687672    .081351    -0.85   0.398    -.2282123    .0906778
                       _cons |   14.42303   5.945442     2.43   0.015     2.770176    26.07588
-----------------------------+----------------------------------------------------------------
SFA_DCRB                     |
                vessellength |  -.0825748   .0301122    -2.74   0.006    -.1415936   -.0235561
                       _cons |   9.260108   2.539498     3.65   0.000     4.282784    14.23743
-----------------------------+----------------------------------------------------------------
SFA_MSQD                     |
                vessellength |   -.036079   .0185914    -1.94   0.052    -.0725175    .0003595
                       _cons |   4.536568   1.106176     4.10   0.000     2.368503    6.704634
-----------------------------+----------------------------------------------------------------
SFA_NANC                     |
                vessellength |   -.016636   .0448478    -0.37   0.711     -.104536    .0712641
                       _cons |   3.743755   2.418463     1.55   0.122    -.9963457    8.483856
-----------------------------+----------------------------------------------------------------
SPS_CHUM                     |
                vessellength |  -.1426138    .057357    -2.49   0.013    -.2550316   -.0301961
                       _cons |     14.487   2.504475     5.78   0.000     9.578325    19.39568
----------------------------------------------------------------------------------------------
Warning: Convergence not achieved.

. = r(p): B0
= is not a valid command name
r(199);

end of do-file

r(199);

. do "c:\users\fequezad\appdata\local\temp\st_stata_temp.tmp"

. di "R2-McFadden = " 1 - (e(ll)/ll0)
R2-McFadden = .27029295

. estadd scalar r2 = 1 - (e(ll)/ll0): B0

. lrtest base B0, force

Likelihood-ratio test
Assumption: base nested within B0

LR chi2(48) = 19196.95
Prob > chi2 =   0.0000

. estadd scalar lr_p = r(p): B0

. estat ic, all

Information criteria

---------------------------------------------------------
       Model |          N   ll(null)  ll(model)        df
-------------+-------------------------------------------
          B0 |     29,455          .   -25912.9        88
---------------------------------------------------------
Note: BIC, AICc, and CAIC use N = number of cases. See 
      [R] IC note.

--------------------------------------------------------------------
       Model |          AIC          BIC          AICc          CAIC
-------------+------------------------------------------------------
          B0 |      52001.8     52731.38      52002.33      52819.38
--------------------------------------------------------------------
Legend: AIC is Akaike's information criterion.
        BIC is Bayesian information criterion.
        AICc is corrected Akaike's information criterion.
        CAIC is consistent Akaike's information criterion.

. matrix S = r(S)

. estadd scalar aic = S[1,5]: B0

. estadd scalar bic = S[1,6]: B0

. estadd scalar aicc = S[1,7]: B0

. estadd scalar caic = S[1,8]: B0

. preserve

.         qui predict phat

.         by fished_haul, sort: egen max_prob = max(phat) 

.         drop if max_prob != phat
(147,275 observations deleted)

.         by fished_haul, sort: gen nvals = _n == 1 

.         count if nvals
  29,455

.         dis _N
29455

.         gen selection_hat = 1

.         egen count1 = total(fished)

.         dis count1/_N*100 "%"
62.233916%

.         estadd scalar perc1 = count1/_N*100: B0

. restore

. 
. 
end of do-file

. save c:\users\fequezad\appdata\local\temp\emergency_close_stata_st.dta, replace
(file c:\users\fequezad\appdata\local\temp\emergency_close_stata_st.dta not found)
file c:\users\fequezad\appdata\local\temp\emergency_close_stata_st.dta saved
