----------------------------------------------------------------------------------------------------------------------------------------------------------
      name:  <unnamed>
       log:  C:\GitHub\EconAnalysis\Participation\Results\Logs\contrmap.log
  log type:  text
 opened on:  15 Nov 2023, 16:22:37

. 
. ** Import data
. import delimited "C:\Data\PacFIN data\rdo_Stata_c4.csv"
(encoding automatically selected: ISO-8859-1)
(43 vars, 176,730 obs)

. gen id_obs = _n

. replace mean_price = mean_price / 1000
(147,275 real changes made)

. gen const_r2 = 1

. 
. ** Merge historical selection
. preserve

.  import delimited "Stata\dbp_month_Stata_c4.csv", clear
(encoding automatically selected: ISO-8859-2)
(3 vars, 23 obs)

.  tempfile dbp_month

.  save dbp_month, replace
file dbp_month.dta saved

. restore

. merge m:1 selection set_month using "dbp_month.dta"

    Result                      Number of obs
    -----------------------------------------
    Not matched                       123,726
        from master                   123,724  (_merge==1)
        from using                          2  (_merge==2)

    Matched                            53,006  (_merge==3)
    -----------------------------------------

. drop if _merge == 2
(2 observations deleted)

. replace hist_selection = 0 if _merge == 1
(123,724 real changes made)

. drop _merge

. gen species = substr(selection,-4,.) 

. replace species = "No-Participation" if species == "tion" 
variable species was str4 now str16
(29,455 real changes made)

. 
. ** Create revenue variable
. gen exp_revenue = mean_price * mean_avail

. gen d_missing_all = d_missing_d

. replace d_missing_all = 1 if d_missing == 1
(3 real changes made)

. 
. 
. ***********************
. ** Population shares **
. ***********************
. 
. /* gen delta1 = rnormal(0,0.1)
> by fished_vessel_id selection, sort: egen delta = mean(delta1)
> drop delta1
>  */
. 
. ** Calculate the population shares
. cap drop s ln_s

. egen count2 = total(fished)

. by selection, sort : egen count1 = total(fished)

. gen s=count1/count2

. sort s

. gen ln_s=log(s) 

. 
. 
. ** Following Berry (1994), estimate delta as ln(sj)-ln(s) = xb + delta
. gen ln_sO = ln_s if selection == "No-Participation"
(147,275 missing values generated)

. egen ln_s0 = max(ln_sO)

. gen dif_ln_s = ln_s - ln_s0

. drop count1 count2 ln_sO ln_s0

. reg dif_ln_s $exp_vars, noconstant

      Source |       SS           df       MS      Number of obs   =   176,730
-------------+----------------------------------   F(5, 176725)    >  99999.00
       Model |  1750173.65         5  350034.729   Prob > F        =    0.0000
    Residual |  368938.832   176,725  2.08764369   R-squared       =    0.8259
-------------+----------------------------------   Adj R-squared   =    0.8259
       Total |  2119112.48   176,730  11.9906777   Root MSE        =    1.4449

----------------------------------------------------------------------------------------------
                    dif_ln_s | Coefficient  Std. err.      t    P>|t|     [95% conf. interval]
-----------------------------+----------------------------------------------------------------
                 exp_revenue |  -.6498287   .0042463  -153.03   0.000    -.6581513   -.6415061
             wind_max_220_mh |    -.08854   .0005254  -168.50   0.000    -.0895698   -.0875101
                 dist_to_cog |  -.0025445   .0000131  -193.83   0.000    -.0025702   -.0025187
dist_port_to_catch_area_zero |  -.0127615   .0001278   -99.86   0.000    -.0130119    -.012511
               d_missing_all |   -2.14475   .0116045  -184.82   0.000    -2.167495   -2.122006
----------------------------------------------------------------------------------------------

. predict xb_hat
(option xb assumed; fitted values)

. cap drop delta0

. gen delta0 = dif_ln_s - xb_hat

. by selection, sort : egen delta = mean(delta0)

. drop xb_hat delta0 dif_ln_s 

.  
. 
. ** Estimate intial conditional logit
. sort id_obs

. cmset fished_haul selection
note: alternatives are unbalanced across choice sets; at least one choice set does not have all possible values of selection.

     Case ID variable: fished_haul
Alternatives variable: selection

. constraint 1 delta=1

. 
. cmclogit fished $exp_vars delta, constraints(1) noconstant casev($case_vars)
note: variable dist_port_to_catch_area_zero has 37 cases that are not alternative-specific; there is no within-case variability.
note: variable d_missing_all has 11191 cases that are not alternative-specific; there is no within-case variability.

Iteration 0:  Log likelihood = -28293.787  
Iteration 1:  Log likelihood = -27783.769  
Iteration 2:  Log likelihood = -26879.384  
Iteration 3:  Log likelihood = -26476.115  
Iteration 4:  Log likelihood =  -26465.62  
Iteration 5:  Log likelihood = -26464.486  
Iteration 6:  Log likelihood = -26464.225  
Iteration 7:  Log likelihood =  -26464.17  
Iteration 8:  Log likelihood = -26464.161  
Iteration 9:  Log likelihood = -26464.159  
Iteration 10: Log likelihood = -26464.159  
Iteration 11: Log likelihood = -26464.159  
Iteration 12: Log likelihood = -26464.159  

Conditional logit choice model                 Number of obs      =    176,730
Case ID variable: fished_haul                  Number of cases    =      29455

Alternatives variable: selection               Alts per case: min =          6
                                                              avg =        6.0
                                                              max =          6

                                                  Wald chi2(85)   =   22998.56
Log likelihood = -26464.159                       Prob > chi2     =     0.0000

 ( 1)  [selection]delta = 1
----------------------------------------------------------------------------------------------
                      fished | Coefficient  Std. err.      z    P>|z|     [95% conf. interval]
-----------------------------+----------------------------------------------------------------
selection                    |
                 exp_revenue |   .1110261   .0290598     3.82   0.000     .0540698    .1679823
             wind_max_220_mh |   .0014449   .0020251     0.71   0.476    -.0025243    .0054141
                 dist_to_cog |  -.0070332    .000102   -68.93   0.000    -.0072332   -.0068333
dist_port_to_catch_area_zero |  -.0120674   .0005389   -22.39   0.000    -.0131236   -.0110111
               d_missing_all |  -3.554687   .1108053   -32.08   0.000    -3.771862   -3.337513
                       delta |          1  (constrained)
-----------------------------+----------------------------------------------------------------
BDA_DCRB                     |
               1.psdnclosure |   .1075788   .6111935     0.18   0.860    -1.090338    1.305496
                   1.weekend |  -18.16173   6558.451    -0.00   0.998    -12872.49    12836.17
-----------------------------+----------------------------------------------------------------
BDA_MSQD                     |
               1.psdnclosure |   4.407888   .5166509     8.53   0.000      3.39527    5.420505
                   1.weekend |  -19.15501   8745.197    -0.00   0.998    -17159.43    17121.12
-----------------------------+----------------------------------------------------------------
BGA_MSQD                     |
               1.psdnclosure |   7.540142   .8776707     8.59   0.000     5.819939    9.260345
                   1.weekend |  -19.76759   48661.33    -0.00   1.000    -95394.23    95354.69
-----------------------------+----------------------------------------------------------------
CWA_DCRB                     |
               1.psdnclosure |   4.902543    .388146    12.63   0.000     4.141791    5.663295
                   1.weekend |   .4348723   .4719512     0.92   0.357    -.4901352     1.35988
-----------------------------+----------------------------------------------------------------
ERA_MSQD                     |
               1.psdnclosure |  -17.57679   8625.459    -0.00   0.998    -16923.16    16888.01
                   1.weekend |   2.676759   .4304479     6.22   0.000     1.833097    3.520421
-----------------------------+----------------------------------------------------------------
LAA_BTNA                     |
               1.psdnclosure |    1.71462   .1782949     9.62   0.000     1.365169    2.064072
                   1.weekend |  -2.703431   .7319095    -3.69   0.000    -4.137947   -1.268915
-----------------------------+----------------------------------------------------------------
LAA_CMCK                     |
               1.psdnclosure |   .4895549   .0983641     4.98   0.000     .2967647     .682345
                   1.weekend |  -3.096087   .4535062    -6.83   0.000    -3.984943   -2.207231
-----------------------------+----------------------------------------------------------------
LAA_JMCK                     |
               1.psdnclosure |    3.21812   .2586155    12.44   0.000     2.711242    3.724997
                   1.weekend |  -18.38274   2915.559    -0.01   0.995    -5732.774    5696.008
-----------------------------+----------------------------------------------------------------
LAA_MSQD                     |
               1.psdnclosure |  -.3840859   .0461948    -8.31   0.000    -.4746261   -.2935457
                   1.weekend |  -5.840995   .4479848   -13.04   0.000    -6.719029    -4.96296
-----------------------------+----------------------------------------------------------------
LAA_NANC                     |
               1.psdnclosure |   1.966023   .1334959    14.73   0.000     1.704376     2.22767
                   1.weekend |  -3.827845   1.013415    -3.78   0.000    -5.814101   -1.841589
-----------------------------+----------------------------------------------------------------
LAA_PBNT                     |
               1.psdnclosure |   4.097933   .2819296    14.54   0.000     3.545361    4.650505
                   1.weekend |  -1.982205   .7838774    -2.53   0.011    -3.518576   -.4458336
-----------------------------+----------------------------------------------------------------
LAA_PSDN                     |
               1.psdnclosure |  -.8873635   .7148117    -1.24   0.214    -2.288369    .5136417
                   1.weekend |  -1.878512   .7128665    -2.64   0.008    -3.275705   -.4813192
-----------------------------+----------------------------------------------------------------
LAA_RHRG                     |
               1.psdnclosure |   4.647893   1.037474     4.48   0.000     2.614481    6.681306
                   1.weekend |  -20.85189   40993.28    -0.00   1.000    -80366.21    80324.51
-----------------------------+----------------------------------------------------------------
LAA_STNA                     |
               1.psdnclosure |   4.101444   10.02701     0.41   0.683    -15.55114    23.75403
                   1.weekend |   4.249876   10.02712     0.42   0.672    -15.40292    23.90267
-----------------------------+----------------------------------------------------------------
LAA_YTNA                     |
               1.psdnclosure |   1.045865   .1248274     8.38   0.000     .8012074    1.290522
                   1.weekend |  -1.847805   .3388168    -5.45   0.000    -2.511874   -1.183737
-----------------------------+----------------------------------------------------------------
MNA_ALBC                     |
               1.psdnclosure |  -16.18942   118023.5    -0.00   1.000    -231338.1    231305.7
                   1.weekend |  -14.43437   142806.7    -0.00   1.000    -279910.4    279881.5
-----------------------------+----------------------------------------------------------------
MNA_CMCK                     |
               1.psdnclosure |   4.140864   .4023833    10.29   0.000     3.352207    4.929521
                   1.weekend |  -19.09237   5493.968    -0.00   0.997    -10787.07    10748.89
-----------------------------+----------------------------------------------------------------
MNA_JMCK                     |
               1.psdnclosure |   3.133855   .2484218    12.62   0.000     2.646957    3.620752
                   1.weekend |  -18.46812   2798.582    -0.01   0.995    -5503.588    5466.652
-----------------------------+----------------------------------------------------------------
MNA_LSKT                     |
               1.psdnclosure |   9.560677   1.153958     8.29   0.000     7.298961    11.82239
                   1.weekend |  -20.68431   34560.51    -0.00   1.000    -67758.04    67716.67
-----------------------------+----------------------------------------------------------------
MNA_MSQD                     |
               1.psdnclosure |  -.3700077   .0411281    -9.00   0.000    -.4506173   -.2893982
                   1.weekend |  -2.615682   .0931559   -28.08   0.000    -2.798265     -2.4331
-----------------------------+----------------------------------------------------------------
MNA_NANC                     |
               1.psdnclosure |   .5427235   .0604108     8.98   0.000     .4243205    .6611265
                   1.weekend |  -5.285346   .7086087    -7.46   0.000    -6.674193   -3.896498
-----------------------------+----------------------------------------------------------------
MNA_PSDN                     |
               1.psdnclosure |   .0987266   .2962136     0.33   0.739    -.4818413    .6792945
                   1.weekend |   -2.58105    .712642    -3.62   0.000    -3.977802   -1.184297
-----------------------------+----------------------------------------------------------------
MNA_UDAB                     |
               1.psdnclosure |   8.960358   1.170066     7.66   0.000     6.667071    11.25365
                   1.weekend |  -20.75943   131631.8    -0.00   1.000    -258014.3    257972.8
-----------------------------+----------------------------------------------------------------
MRA_MSQD                     |
               1.psdnclosure |   .6399971   .1417814     4.51   0.000     .3621107    .9178834
                   1.weekend |  -16.95511   587.3849    -0.03   0.977    -1168.208    1134.298
-----------------------------+----------------------------------------------------------------
NPA_MSQD                     |
               1.psdnclosure |   8.095468   .3937265    20.56   0.000     7.323778    8.867158
                   1.weekend |   -1.61316   1.121613    -1.44   0.150    -3.811482    .5851618
-----------------------------+----------------------------------------------------------------
NPS_CHUM                     |
               1.psdnclosure |    6.05508   .2954793    20.49   0.000     5.475951    6.634209
                   1.weekend |  -.0573311   .5095017    -0.11   0.910    -1.055936    .9412738
-----------------------------+----------------------------------------------------------------
NPS_DCRB                     |
               1.psdnclosure |   8.289456   1.135059     7.30   0.000     6.064782    10.51413
                   1.weekend |  -16.72952   7002.433    -0.00   0.998    -13741.25    13707.79
-----------------------------+----------------------------------------------------------------
NPS_SOCK                     |
               1.psdnclosure |  -17.91844   39415.28    -0.00   1.000    -77270.46    77234.62
                   1.weekend |   6.320927   1.051164     6.01   0.000     4.260684    8.381169
-----------------------------+----------------------------------------------------------------
No_Participation             |  (base alternative)
-----------------------------+----------------------------------------------------------------
SBA_CMCK                     |
               1.psdnclosure |   2.648077   .1466608    18.06   0.000     2.360628    2.935527
                   1.weekend |  -18.97194   2178.599    -0.01   0.993    -4288.947    4251.003
-----------------------------+----------------------------------------------------------------
SBA_JMCK                     |
               1.psdnclosure |   4.880328   .7201691     6.78   0.000     3.468823    6.291833
                   1.weekend |  -20.88762   25894.28    -0.00   0.999    -50772.75    50730.97
-----------------------------+----------------------------------------------------------------
SBA_MSQD                     |
               1.psdnclosure |  -.5088244   .0344977   -14.75   0.000    -.5764386   -.4412102
                   1.weekend |  -5.236162   .2305164   -22.71   0.000    -5.687966   -4.784358
-----------------------------+----------------------------------------------------------------
SBA_PBNT                     |
               1.psdnclosure |   5.594552   .7704406     7.26   0.000     4.084516    7.104588
                   1.weekend |  -19.77481   16847.92    -0.00   0.999    -33041.09    33001.54
-----------------------------+----------------------------------------------------------------
SBA_PSDN                     |
               1.psdnclosure |  -16.43778    67080.2    -0.00   1.000    -131491.2    131458.3
                   1.weekend |  -16.87471   44569.72    -0.00   1.000    -87371.92    87338.17
-----------------------------+----------------------------------------------------------------
SBA_UMCK                     |
               1.psdnclosure |   6.044994   1.089311     5.55   0.000     3.909984    8.180004
                   1.weekend |  -19.90604   42667.08    -0.00   1.000    -83645.85    83606.04
-----------------------------+----------------------------------------------------------------
SDA_BTNA                     |
               1.psdnclosure |   5.705146   .9730556     5.86   0.000     3.797992      7.6123
                   1.weekend |    1.71549   2.534815     0.68   0.499    -3.252657    6.683637
-----------------------------+----------------------------------------------------------------
SFA_CHNK                     |
               1.psdnclosure |   4.653688   1.112562     4.18   0.000     2.473107    6.834269
                   1.weekend |  -18.64984   19243.49    -0.00   0.999     -37735.2     37697.9
-----------------------------+----------------------------------------------------------------
SFA_DCRB                     |
               1.psdnclosure |  -1.929074    .319573    -6.04   0.000    -2.555426   -1.302722
                   1.weekend |  -1.296253   .3647846    -3.55   0.000    -2.011218   -.5812886
-----------------------------+----------------------------------------------------------------
SFA_MSQD                     |
               1.psdnclosure |   .7809659    .063077    12.38   0.000     .6573372    .9045945
                   1.weekend |  -2.409341   .1874127   -12.86   0.000    -2.776664   -2.042019
-----------------------------+----------------------------------------------------------------
SFA_NANC                     |
               1.psdnclosure |   2.983993   .1735611    17.19   0.000     2.643819    3.324166
                   1.weekend |  -18.58895   2013.659    -0.01   0.993    -3965.287     3928.11
-----------------------------+----------------------------------------------------------------
SPS_CHUM                     |
               1.psdnclosure |   6.748424   1.016628     6.64   0.000     4.755869    8.740978
                   1.weekend |  -19.01981   17912.35    -0.00   0.999    -35126.57    35088.53
----------------------------------------------------------------------------------------------

. matrix start=e(b)

. cap drop phat

. qui predict phat

. qui egen p_share = mean(phat), by(selection)

. cap drop lnp_share

. qui gen lnp_share = log(p_share)

. qui replace delta = delta + ln_s - lnp_share

. qui replace delta = 0 if selection == "No-Participation"

.     preserve

.       collapse (mean) lnp_share ln_s, by(selection)

.       gen dif_all = ln_s-lnp_share

.       sum dif_all

    Variable |        Obs        Mean    Std. dev.       Min        Max
-------------+---------------------------------------------------------
     dif_all |         41   -3.151029    2.475945  -8.344707   .0096807

.       local dif = max(abs(r(max)),abs(r(min)))

.     restore

.  di `dif'
8.3447075

. 
.  while `dif'>0.001 {
  2.   set more off
  3.   cmclogit fished $exp_vars delta, from(start, copy) constraints(1) noconstant casev($case_vars)
  4.   matrix start=e(b)
  5.   drop phat p_share lnp_share
  6.   qui predict phat
  7.   qui egen p_share=mean(phat), by(selection)
  8.   qui gen lnp_share = log(p_share)
  9.   qui replace delta = delta + ln_s - lnp_share
 10.   qui replace delta = 0 if selection == "No-Participation"
 11.     preserve
 12.       collapse (mean) lnp_share ln_s, by(selection)
 13.       gen dif_all = ln_s - lnp_share
 14.       sum dif_all
 15.       local dif = max(abs(r(max)),abs(r(min)))
 16.     restore
 17.   di `dif'
 18. }
note: variable dist_port_to_catch_area_zero has 37 cases that are not alternative-specific; there is no within-case variability.
note: variable d_missing_all has 11191 cases that are not alternative-specific; there is no within-case variability.

Iteration 0:  Log likelihood = -28426.408  
Iteration 1:  Log likelihood = -28373.705  (backed up)
Iteration 2:  Log likelihood = -28343.716  (backed up)
Iteration 3:  Log likelihood = -28326.706  (backed up)
Iteration 4:  Log likelihood =  -27957.84  (not concave)
Iteration 5:  Log likelihood =  -27666.59  (not concave)
Iteration 6:  Log likelihood = -27621.089  (not concave)
Iteration 7:  Log likelihood = -27299.165  
Iteration 8:  Log likelihood = -27206.665  (not concave)
Iteration 9:  Log likelihood = -27206.661  (not concave)
Iteration 10: Log likelihood = -27206.661  
Iteration 11: Log likelihood = -27203.545  
Iteration 12: Log likelihood =  -27203.53  
Iteration 13: Log likelihood =  -27203.53  (not concave)
Iteration 14: Log likelihood =  -27203.53  (not concave)
Iteration 15: Log likelihood =  -27203.53  (not concave)
Iteration 16: Log likelihood =  -27203.53  (not concave)
Iteration 17: Log likelihood =  -27203.53  (not concave)
Iteration 18: Log likelihood =  -27203.53  (not concave)
Iteration 19: Log likelihood =  -27203.53  (not concave)
Iteration 20: Log likelihood =  -27203.53  (not concave)
Iteration 21: Log likelihood =  -27203.53  (not concave)
Iteration 22: Log likelihood =  -27203.53  (not concave)
Iteration 23: Log likelihood =  -27203.53  (not concave)
Iteration 24: Log likelihood =  -27203.53  (not concave)
Iteration 25: Log likelihood =  -27203.53  (not concave)
Iteration 26: Log likelihood =  -27203.53  (not concave)
Iteration 27: Log likelihood =  -27203.53  (not concave)
Iteration 28: Log likelihood =  -27203.53  (not concave)
Iteration 29: Log likelihood =  -27203.53  (not concave)
Iteration 30: Log likelihood =  -27203.53  (not concave)
Iteration 31: Log likelihood =  -27203.53  (not concave)
Iteration 32: Log likelihood =  -27203.53  (not concave)
Iteration 33: Log likelihood =  -27203.53  (not concave)
Iteration 34: Log likelihood =  -27203.53  (not concave)
Iteration 35: Log likelihood =  -27203.53  (not concave)
Iteration 36: Log likelihood =  -27203.53  (not concave)
Iteration 37: Log likelihood =  -27203.53  (not concave)
Iteration 38: Log likelihood =  -27203.53  (not concave)
Iteration 39: Log likelihood =  -27203.53  (not concave)
Iteration 40: Log likelihood =  -27203.53  (not concave)
Iteration 41: Log likelihood =  -27203.53  (not concave)
Iteration 42: Log likelihood =  -27203.53  (not concave)
Iteration 43: Log likelihood =  -27203.53  (not concave)
Iteration 44: Log likelihood =  -27203.53  (not concave)
Iteration 45: Log likelihood =  -27203.53  (not concave)
Iteration 46: Log likelihood =  -27203.53  (not concave)
Iteration 47: Log likelihood =  -27203.53  (not concave)
--Break--
r(1);

end of do-file

--Break--
r(1);

. exit, clear
